Performing C SOURCE FILE Test CMAKE_HAVE_LIBC_PTHREAD failed with the following output:
Change Dir: F:/WORKS/c++/c++Code/NetSample_Build_by_cmake_sub/build/CMakeFiles/CMakeTmp

Run Build Command(s):F:/study_app/MinGW/x86_64-8.1.0-release-win32-seh-rt_v6-rev0/mingw64/bin/mingw32-make.exe -f Makefile cmTC_77e2a/fast && F:/study_app/MinGW/x86_64-8.1.0-release-win32-seh-rt_v6-rev0/mingw64/bin/mingw32-make.exe  -f CMakeFiles\cmTC_77e2a.dir\build.make CMakeFiles/cmTC_77e2a.dir/build
mingw32-make.exe[1]: Entering directory 'F:/WORKS/c++/c++Code/NetSample_Build_by_cmake_sub/build/CMakeFiles/CMakeTmp'
Building C object CMakeFiles/cmTC_77e2a.dir/src.c.obj
F:\study_app\MinGW\x86_64-8.1.0-release-win32-seh-rt_v6-rev0\mingw64\bin\gcc.exe -DCMAKE_HAVE_LIBC_PTHREAD   -o CMakeFiles\cmTC_77e2a.dir\src.c.obj -c F:\WORKS\c++\c++Code\NetSample_Build_by_cmake_sub\build\CMakeFiles\CMakeTmp\src.c
Linking C executable cmTC_77e2a.exe
F:\study_app\PythonAnaconda\main\Lib\site-packages\cmake\data\bin\cmake.exe -E cmake_link_script CMakeFiles\cmTC_77e2a.dir\link.txt --verbose=1
F:\study_app\PythonAnaconda\main\Lib\site-packages\cmake\data\bin\cmake.exe -E rm -f CMakeFiles\cmTC_77e2a.dir/objects.a
F:\study_app\MinGW\x86_64-8.1.0-release-win32-seh-rt_v6-rev0\mingw64\bin\ar.exe qc CMakeFiles\cmTC_77e2a.dir/objects.a @CMakeFiles\cmTC_77e2a.dir\objects1.rsp
F:\study_app\MinGW\x86_64-8.1.0-release-win32-seh-rt_v6-rev0\mingw64\bin\gcc.exe -Wl,--whole-archive CMakeFiles\cmTC_77e2a.dir/objects.a -Wl,--no-whole-archive -o cmTC_77e2a.exe -Wl,--out-implib,libcmTC_77e2a.dll.a -Wl,--major-image-version,0,--minor-image-version,0 @CMakeFiles\cmTC_77e2a.dir\linklibs.rsp
CMakeFiles\cmTC_77e2a.dir/objects.a(src.c.obj):src.c:(.text+0x35): undefined reference to `pthread_create'
CMakeFiles\cmTC_77e2a.dir/objects.a(src.c.obj):src.c:(.text+0x41): undefined reference to `pthread_detach'
CMakeFiles\cmTC_77e2a.dir/objects.a(src.c.obj):src.c:(.text+0x4d): undefined reference to `pthread_cancel'
CMakeFiles\cmTC_77e2a.dir/objects.a(src.c.obj):src.c:(.text+0x5e): undefined reference to `pthread_join'
CMakeFiles\cmTC_77e2a.dir/objects.a(src.c.obj):src.c:(.text+0x68): undefined reference to `pthread_exit'
collect2.exe: error: ld returned 1 exit status
mingw32-make.exe[1]: *** [CMakeFiles\cmTC_77e2a.dir\build.make:100: cmTC_77e2a.exe] Error 1
mingw32-make.exe[1]: Leaving directory 'F:/WORKS/c++/c++Code/NetSample_Build_by_cmake_sub/build/CMakeFiles/CMakeTmp'
mingw32-make.exe: *** [Makefile:126: cmTC_77e2a/fast] Error 2


Source file was:
#include <pthread.h>

static void* test_func(void* data)
{
  return data;
}

int main(void)
{
  pthread_t thread;
  pthread_create(&thread, NULL, test_func, NULL);
  pthread_detach(thread);
  pthread_cancel(thread);
  pthread_join(thread, NULL);
  pthread_atfork(NULL, NULL, NULL);
  pthread_exit(NULL);

  return 0;
}

Determining if the function pthread_create exists in the pthreads failed with the following output:
Change Dir: F:/WORKS/c++/c++Code/NetSample_Build_by_cmake_sub/build/CMakeFiles/CMakeTmp

Run Build Command(s):F:/study_app/MinGW/x86_64-8.1.0-release-win32-seh-rt_v6-rev0/mingw64/bin/mingw32-make.exe -f Makefile cmTC_22786/fast && F:/study_app/MinGW/x86_64-8.1.0-release-win32-seh-rt_v6-rev0/mingw64/bin/mingw32-make.exe  -f CMakeFiles\cmTC_22786.dir\build.make CMakeFiles/cmTC_22786.dir/build
mingw32-make.exe[1]: Entering directory 'F:/WORKS/c++/c++Code/NetSample_Build_by_cmake_sub/build/CMakeFiles/CMakeTmp'
Building C object CMakeFiles/cmTC_22786.dir/CheckFunctionExists.c.obj
F:\study_app\MinGW\x86_64-8.1.0-release-win32-seh-rt_v6-rev0\mingw64\bin\gcc.exe   -DCHECK_FUNCTION_EXISTS=pthread_create -o CMakeFiles\cmTC_22786.dir\CheckFunctionExists.c.obj -c F:\study_app\PythonAnaconda\main\Lib\site-packages\cmake\data\share\cmake-3.22\Modules\CheckFunctionExists.c
Linking C executable cmTC_22786.exe
F:\study_app\PythonAnaconda\main\Lib\site-packages\cmake\data\bin\cmake.exe -E cmake_link_script CMakeFiles\cmTC_22786.dir\link.txt --verbose=1
F:\study_app\PythonAnaconda\main\Lib\site-packages\cmake\data\bin\cmake.exe -E rm -f CMakeFiles\cmTC_22786.dir/objects.a
F:\study_app\MinGW\x86_64-8.1.0-release-win32-seh-rt_v6-rev0\mingw64\bin\ar.exe qc CMakeFiles\cmTC_22786.dir/objects.a @CMakeFiles\cmTC_22786.dir\objects1.rsp
F:\study_app\MinGW\x86_64-8.1.0-release-win32-seh-rt_v6-rev0\mingw64\bin\gcc.exe  -DCHECK_FUNCTION_EXISTS=pthread_create -Wl,--whole-archive CMakeFiles\cmTC_22786.dir/objects.a -Wl,--no-whole-archive -o cmTC_22786.exe -Wl,--out-implib,libcmTC_22786.dll.a -Wl,--major-image-version,0,--minor-image-version,0 @CMakeFiles\cmTC_22786.dir\linklibs.rsp
F:/study_app/MinGW/x86_64-8.1.0-release-win32-seh-rt_v6-rev0/mingw64/bin/../lib/gcc/x86_64-w64-mingw32/8.1.0/../../../../x86_64-w64-mingw32/bin/ld.exe: cannot find -lpthreads
collect2.exe: error: ld returned 1 exit status
mingw32-make.exe[1]: *** [CMakeFiles\cmTC_22786.dir\build.make:100: cmTC_22786.exe] Error 1
mingw32-make.exe[1]: Leaving directory 'F:/WORKS/c++/c++Code/NetSample_Build_by_cmake_sub/build/CMakeFiles/CMakeTmp'
mingw32-make.exe: *** [Makefile:126: cmTC_22786/fast] Error 2



